SF:lib/main.dart
DA:7,0
DA:8,0
DA:9,0
DA:10,0
DA:11,0
DA:12,0
DA:20,1
DA:22,0
LF:8
LH:1
end_of_record
SF:lib/dart/pathway/pathway_state.dart
DA:22,1
DA:23,1
DA:24,1
DA:30,1
DA:31,2
DA:32,2
DA:33,2
DA:36,1
DA:42,1
DA:43,2
DA:44,2
DA:45,2
DA:48,1
DA:54,1
DA:55,1
DA:56,1
DA:64,1
DA:65,1
DA:66,1
DA:67,1
DA:68,1
DA:69,1
DA:72,2
DA:73,2
DA:74,2
DA:75,2
DA:76,1
DA:83,0
DA:84,0
DA:85,0
DA:86,0
DA:87,0
DA:88,0
LF:33
LH:27
end_of_record
SF:lib/dart/home/home.dart
DA:14,19
DA:16,4
DA:17,4
DA:25,1
DA:27,1
DA:28,1
DA:46,2
DA:47,1
DA:49,1
DA:51,1
DA:52,2
DA:54,0
DA:55,0
DA:56,0
DA:64,4
DA:66,4
DA:68,4
DA:72,4
DA:73,4
DA:74,4
DA:75,4
DA:79,4
DA:81,1
DA:82,1
DA:83,2
DA:85,1
DA:86,1
DA:89,0
LF:28
LH:24
end_of_record
SF:lib/dart/navigation/navigation_provider.dart
DA:10,0
DA:11,0
DA:12,0
LF:3
LH:0
end_of_record
SF:lib/dart/degree/degree.dart
DA:6,7
DA:11,0
DA:12,0
DA:19,1
DA:20,4
LF:5
LH:3
end_of_record
SF:lib/dart/degree/degree_list.dart
DA:19,2
DA:23,2
DA:25,2
DA:27,2
DA:28,2
DA:32,2
DA:33,6
DA:34,2
DA:35,2
DA:39,2
DA:40,2
DA:42,2
DA:43,2
DA:44,8
DA:45,2
DA:46,1
DA:47,4
DA:48,1
DA:49,3
DA:51,2
DA:53,2
DA:54,2
DA:58,2
DA:59,6
DA:78,1
DA:80,1
DA:133,1
DA:134,4
DA:136,1
DA:138,1
DA:139,2
LF:31
LH:31
end_of_record
SF:lib/dart/major/major.dart
DA:14,3
DA:24,1
DA:25,1
DA:27,4
DA:29,1
DA:30,1
DA:32,1
DA:37,0
DA:40,0
DA:41,0
DA:60,2
DA:71,1
DA:72,1
DA:73,1
DA:74,2
DA:75,2
DA:76,1
DA:77,1
LF:18
LH:15
end_of_record
SF:lib/dart/major/major_list.dart
DA:17,4
DA:19,2
DA:21,2
DA:22,2
DA:26,2
DA:27,2
DA:28,2
DA:29,6
DA:30,2
DA:31,2
DA:34,2
DA:35,2
DA:36,2
DA:37,2
DA:38,2
DA:39,6
DA:40,1
DA:42,6
DA:44,5
DA:45,1
DA:46,1
DA:48,2
DA:49,2
DA:50,2
DA:53,2
DA:57,2
DA:58,8
DA:75,1
DA:76,1
DA:108,1
DA:109,4
DA:111,1
DA:113,1
DA:114,2
LF:34
LH:34
end_of_record
SF:lib/dart/grade/grade.dart
DA:8,8
DA:10,1
DA:12,1
DA:14,1
LF:4
LH:4
end_of_record
SF:lib/dart/navigation/nav_bar.dart
DA:12,33
DA:14,6
DA:16,6
DA:19,12
DA:20,1
DA:23,1
DA:24,1
DA:26,1
DA:27,1
DA:31,1
DA:32,1
DA:34,2
DA:37,1
DA:38,1
DA:40,2
DA:45,2
LF:16
LH:16
end_of_record
SF:lib/dart/pathway/display_pathway.dart
DA:18,4
DA:23,4
DA:26,8
DA:33,1
DA:34,2
DA:35,1
DA:36,1
DA:38,1
DA:40,1
DA:42,1
DA:43,1
DA:45,1
DA:46,1
DA:47,4
DA:50,1
DA:51,0
DA:53,0
DA:55,1
DA:64,4
DA:65,0
DA:67,0
DA:72,0
DA:73,0
DA:76,1
DA:78,4
DA:79,1
DA:81,1
DA:86,3
DA:87,4
DA:89,7
DA:90,0
DA:92,0
DA:98,0
LF:33
LH:24
end_of_record
SF:lib/dart/paper/paper.dart
DA:32,3
DA:51,1
DA:52,1
DA:53,1
DA:54,1
DA:55,1
DA:56,1
DA:57,1
DA:58,1
DA:59,2
DA:60,1
DA:61,2
DA:62,2
DA:63,1
LF:14
LH:14
end_of_record
SF:lib/dart/paper/paper_list.dart
DA:13,4
DA:15,2
DA:17,2
DA:19,2
DA:23,2
DA:24,2
DA:25,2
DA:26,6
DA:27,2
DA:28,2
DA:31,2
DA:32,2
DA:33,2
DA:34,2
DA:35,2
DA:36,2
DA:38,2
DA:39,16
DA:40,2
DA:42,2
DA:48,0
DA:49,0
DA:50,0
DA:51,0
DA:52,0
DA:61,2
DA:62,6
DA:63,1
DA:64,2
DA:65,3
DA:68,2
DA:69,2
DA:70,2
DA:73,2
DA:84,2
DA:85,1
DA:86,1
DA:87,5
DA:93,3
DA:94,6
DA:95,3
DA:98,1
DA:99,3
DA:100,1
DA:101,1
DA:102,1
DA:103,1
DA:105,2
DA:108,2
LF:49
LH:44
end_of_record
SF:lib/dart/points/degree_points_screen.dart
DA:11,9
DA:13,2
DA:15,2
DA:18,2
DA:21,4
DA:22,2
DA:23,2
DA:25,2
DA:26,2
DA:28,2
DA:33,4
DA:35,2
DA:37,2
DA:41,2
DA:42,2
DA:43,2
DA:44,2
DA:46,2
DA:49,8
LF:19
LH:19
end_of_record
SF:lib/dart/pathway/pathway.dart
DA:17,2
LF:1
LH:1
end_of_record
